=~=~=~=~=~=~=~=~=~=~=~= PuTTY log 2024.10.21 11:06:10 =~=~=~=~=~=~=~=~=~=~=~=
507
506
506
506
509
515
523
530
533
533
532
532
536
543
551
555
557
556
555
554
553
551
548
543
545
550
557
567
579
591
601
604
600
589
577
565
556
553
565
580
602
623
634
630
611
589
577
569
575
597
628
652
647
621
602
592
583
589
612
640
648
637
643
638
626
622
622
617
608
621
633
644
654
650
630
634
635
638
647
649
636
620
648
650
652
649
632
646
658
661
663
648
629
644
656
661
662
636
659
676
676
667
644
624
652
658
677
668
657
675
683
678
657
636
656
676
683
673
658
677
688
684
662
638
663
683
687
672
668
692
697
684
654
653
677
681
687
660
685
704
697
668
641
673
692
694
648
680
705
703
678
648
670
693
697
678
682
711
711
684
649
672
694
699
679
686
716
713
681
649
682
699
698
661
691
717
711
674
644
691
703
694
672
706
723
705
665
673
699
703
685
685
720
722
690
655
691
706
699
668
699
723
712
672
676
705
708
687
686
721
725
692
655
695
708
698
674
708
728
710
669
686
711
708
663
693
723
720
682
676
708
713
691
685
721
727
697
659
700
713
699
677
711
729
709
668
694
715
707
669
701
727
717
676
685
715
714
685
696
728
725
684
680
712
715
690
689
726
729
694
658
711
718
696
683
718
727
700
663
705
719
702
681
716
731
708
667
700
718
706
677
711
732
713
672
698
720
709
673
706
729
716
674
692
720
714
671
705
732
721
677
690
719
714
667
702
732
724
681
690
720
716
667
698
729
723
683
687
720
719
688
699
731
727
685
685
718
718
689
696
731
729
688
685
719
720
690
694
728
727
688
687
719
721
693
695
731
730
690
684
717
720
692
694
730
731
692
672
719
721
692
692
727
728
691
682
718
722
694
694
730
731
691
681
717
720
693
694
731
732
693
659
720
722
693
692
728
729
691
683
719
722
694
695
731
731
691
685
718
721
693
695
731
732
691
697
721
722
691
694
729
728
689
687
720
722
693
697
732
730
689
684
719
720
691
697
733
731
689
691
722
721
644
696
730
727
687
687
722
722
691
700
733
729
686
687
721
720
687
700
734
729
686
690
723
720
665
699
731
726
684
689
723
721
677
703
734
726
682
690
718
718
670
704
735
726
682
694
724
717
670
704
732
722
680
693
724
718
674
708
735
722
678
695
723
715
674
709
735
721
677
699
725
714
676
709
732
717
675
699
725
713
678
714
735
717
673
701
723
711
679
715
735
715
673
706
725
709
680
715
733
711
670
705
725
709
683
720
735
710
668
708
723
706
684
721
735
707
668
712
725
703
685
721
732
704
666
712
725
703
688
726
735
702
663
714
723
701
689
727
735
700
663
718
724
698
689
726
731
697
661
718
725
698
693
730
733
695
691
718
722
695
694
732
733
693
689
722
723
692
695
730
729
689
686
722
723
692
699
734
730
688
687
722
721
690
700
735
729
686
691
724
720
669
701
732
725
683
691
724
720
676
706
735
725
680
694
723
717
673
708
736
723
679
699
725
715
674
708
733
718
676
699
725
714
678
714
736
717
673
702
724
711
680
716
736
714
672
707
726
708
681
716
733
709
669
707
726
708
685
722
735
708
667
710
724
705
686
724
735
705
667
715
725
702
687
724
732
701
664
715
726
701
691
729
734
698
661
717
723
697
693
731
734
696
661
721
724
694
694
729
730
691
684
721
724
694
698
733
731
689
687
722
721
690
700
735
730
687
692
724
721
669
701
732
725
683
691
724
720
676
706
736
725
680
694
723
717
673
708
736
723
679
699
725
715
675
709
733
718
675
700
726
714
679
715
736
716
673
703
724
710
681
717
736
713
671
709
726
707
683
718
733
708
668
709
726
706
686
724
735
706
666
712
724
703
688
726
735
703
665
717
725
700
689
726
732
699
662
717
725
699
693
731
734
696
694
719
723
695
695
732
734
693
697
723
723
692
696
731
729
688
687
723
723
691
701
734
729
686
689
723
720
660
703
735
728
684
694
725
719
671
704
733
723
680
695
725
718
674
710
736
722
677
698
724
714
677
712
736
719
676
704
726
711
679
714
733
713
672
704
726
711
683
720
736
711
669
708
724
706
685
722
736
708
668
714
726
703
686
722
732
703
665
714
726
702
690
728
735
700
662
717
723
698
692
730
734
697
661
721
724
695
693
729
730
692
680
722
724
694
698
734
731
689
687
722
721
691
700
735
730
687
692
724
721
669
702
732
725
683
692
725
720
670
707
736
724
680
695
724
717
675
709
736
722
678
701
726
714
677
711
733
716
674
702
726
713
681
717
